Using pre-set license
Built from '2021.1/release' branch; Version is '2021.1.1f1 (6fdc41dfa55a) revision 7330881'; Using compiler version '192528614'; Build Type 'Release'
OS: 'Windows 10 Pro; OS build 19042.867; Version 2009; 64bit' Language: 'ko' Physical Memory: 16322 MB
BatchMode: 1, IsHumanControllingUs: 0, StartBugReporterOnCrash: 0, Is64bit: 1, IsPro: 0

 COMMAND LINE ARGUMENTS:
C:\Program Files\Unity\Hub\Editor\2021.1.1f1\Editor\Unity.exe
-adb2
-batchMode
-noUpm
-name
AssetImportWorker0
-projectPath
C:/Users/user/Desktop/Unity_TeamProject2
-logFile
Logs/AssetImportWorker0.log
-srvPort
13714
Successfully changed project path to: C:/Users/user/Desktop/Unity_TeamProject2
C:/Users/user/Desktop/Unity_TeamProject2
Using Asset Import Pipeline V2.
Refreshing native plugins compatible for Editor in 136.02 ms, found 1 plugins.
Preloading 0 native plugins for Editor in 0.00 ms.
Initialize engine version: 2021.1.1f1 (6fdc41dfa55a)
[Subsystems] Discovering subsystems at path C:/Program Files/Unity/Hub/Editor/2021.1.1f1/Editor/Data/Resources/UnitySubsystems
[Subsystems] Discovering subsystems at path C:/Users/user/Desktop/Unity_TeamProject2/Assets
GfxDevice: creating device client; threaded=0; jobified=0
Direct3D:
    Version:  Direct3D 11.0 [level 11.1]
    Renderer: NVIDIA GeForce GTX 1060 3GB (ID=0x1c02)
    Vendor:   NVIDIA
    VRAM:     2988 MB
    Driver:   27.21.14.5671
Initialize mono
Mono path[0] = 'C:/Program Files/Unity/Hub/Editor/2021.1.1f1/Editor/Data/Managed'
Mono path[1] = 'C:/Program Files/Unity/Hub/Editor/2021.1.1f1/Editor/Data/MonoBleedingEdge/lib/mono/unityjit'
Mono config path = 'C:/Program Files/Unity/Hub/Editor/2021.1.1f1/Editor/Data/MonoBleedingEdge/etc'
Using monoOptions --debugger-agent=transport=dt_socket,embedding=1,server=y,suspend=n,address=127.0.0.1:56296
Begin MonoManager ReloadAssembly
Registering precompiled unity dll's ...
Register platform support module: C:/Program Files/Unity/Hub/Editor/2021.1.1f1/Editor/Data/PlaybackEngines/WindowsStandaloneSupport/UnityEditor.WindowsStandalone.Extensions.dll
Registered in 0.003853 seconds.
Native extension for WindowsStandalone target not found
Refreshing native plugins compatible for Editor in 140.28 ms, found 1 plugins.
Preloading 0 native plugins for Editor in 0.00 ms.
Mono: successfully reloaded assembly
- Completed reload, in  2.135 seconds
Platform modules already initialized, skipping
Registering precompiled user dll's ...
Registered in 0.005443 seconds.
Begin MonoManager ReloadAssembly
Native extension for WindowsStandalone target not found
Refreshing native plugins compatible for Editor in 140.08 ms, found 1 plugins.
Preloading 0 native plugins for Editor in 0.00 ms.
Mono: successfully reloaded assembly
- Completed reload, in  1.176 seconds
Platform modules already initialized, skipping
========================================================================
Worker process is ready to serve import requests
Launched and connected shader compiler UnityShaderCompiler.exe after 0.08 seconds
Refreshing native plugins compatible for Editor in 1.40 ms, found 1 plugins.
Preloading 0 native plugins for Editor in 0.00 ms.
Unloading 4379 Unused Serialized files (Serialized files now loaded: 0)
System memory in use before: 192.7 MB.
System memory in use after: 192.3 MB.

Unloading 222 unused Assets to reduce memory usage. Loaded Objects now: 4668.
Total: 2.674400 ms (FindLiveObjects: 0.396600 ms CreateObjectMapping: 0.209500 ms MarkObjects: 1.723400 ms  DeleteObjects: 0.344100 ms)

========================================================================
Received Import Request.
  path: Assets/SkyBox/night_up.bmp
  artifactKey: Guid(c49faf3e0b58bd7458f81643c932ad8a) Importer(815301076,1909f56bfc062723c751e8b465ee728b)
Start importing Assets/SkyBox/night_up.bmp using Guid(c49faf3e0b58bd7458f81643c932ad8a) Importer(815301076,1909f56bfc062723c751e8b465ee728b)  -> (artifact id: '20dca1408fa5edb68d7a4f746789e90f') in 0.126072 seconds 
========================================================================
Received Import Request.
  Time since last request: 0.000249 seconds.
  path: Assets/Main Camera Profile.asset
  artifactKey: Guid(7f045346d869447419f7e19841631ffa) Importer(815301076,1909f56bfc062723c751e8b465ee728b)
Start importing Assets/Main Camera Profile.asset using Guid(7f045346d869447419f7e19841631ffa) Importer(815301076,1909f56bfc062723c751e8b465ee728b)  -> (artifact id: '9270642dba872d34a1e1593bab0e3eff') in 0.026357 seconds 
========================================================================
Received Import Request.
  Time since last request: 0.000138 seconds.
  path: Assets/SkyBox/night_bk.bmp
  artifactKey: Guid(2d2a05ae83de88d43832dc42ab247efe) Importer(815301076,1909f56bfc062723c751e8b465ee728b)
Start importing Assets/SkyBox/night_bk.bmp using Guid(2d2a05ae83de88d43832dc42ab247efe) Importer(815301076,1909f56bfc062723c751e8b465ee728b)  -> (artifact id: '0a2d3bf5d3b8694ccae4e7c9685859f8') in 0.008359 seconds 
========================================================================
Received Import Request.
  Time since last request: 0.000195 seconds.
  path: Assets/SkyBox/night_rt.bmp
  artifactKey: Guid(508a0208ccaf9294580e95618fd53798) Importer(815301076,1909f56bfc062723c751e8b465ee728b)
Start importing Assets/SkyBox/night_rt.bmp using Guid(508a0208ccaf9294580e95618fd53798) Importer(815301076,1909f56bfc062723c751e8b465ee728b)  -> (artifact id: 'e7af7d01d7f8a5cc5fe17b76bbed26a8') in 0.008280 seconds 
========================================================================
Received Import Request.
  Time since last request: 0.000180 seconds.
  path: Assets/SkyBox/SkyBox_Night.mat
  artifactKey: Guid(6823a5f5532bb164b8c0bfc35b797833) Importer(815301076,1909f56bfc062723c751e8b465ee728b)
Start importing Assets/SkyBox/SkyBox_Night.mat using Guid(6823a5f5532bb164b8c0bfc35b797833) Importer(815301076,1909f56bfc062723c751e8b465ee728b)  -> (artifact id: '4f69b160b2255639161105ff5bc4374c') in 0.062448 seconds 
========================================================================
Received Import Request.
  Time since last request: 0.000206 seconds.
  path: Assets/SkyBox/night_lf.bmp
  artifactKey: Guid(070a2081f6218864882615733c7f7830) Importer(815301076,1909f56bfc062723c751e8b465ee728b)
Start importing Assets/SkyBox/night_lf.bmp using Guid(070a2081f6218864882615733c7f7830) Importer(815301076,1909f56bfc062723c751e8b465ee728b)  -> (artifact id: '4472d5ddc5263ee538101b3c10606a58') in 0.006607 seconds 
========================================================================
Received Import Request.
  Time since last request: 0.000140 seconds.
  path: Assets/SkyBox/night_ft.bmp
  artifactKey: Guid(4a7d572b5df546d4fb6d4eae372e7bd1) Importer(815301076,1909f56bfc062723c751e8b465ee728b)
Start importing Assets/SkyBox/night_ft.bmp using Guid(4a7d572b5df546d4fb6d4eae372e7bd1) Importer(815301076,1909f56bfc062723c751e8b465ee728b)  -> (artifact id: 'b8e9fd5374732cce5fccfba573e05c68') in 0.007193 seconds 
========================================================================
Received Import Request.
  Time since last request: 0.000236 seconds.
  path: Assets/SkyBox/night_dn.bmp
  artifactKey: Guid(b18e0a52e10dd154abb02aec65d8d6ba) Importer(815301076,1909f56bfc062723c751e8b465ee728b)
Start importing Assets/SkyBox/night_dn.bmp using Guid(b18e0a52e10dd154abb02aec65d8d6ba) Importer(815301076,1909f56bfc062723c751e8b465ee728b)  -> (artifact id: '30114192b242d2861378770a1131dff7') in 0.006408 seconds 
========================================================================
Received Import Request.
  Time since last request: 14370.564865 seconds.
  path: Assets/school
  artifactKey: Guid(6c1e30e46f026b649ac80e6b9e1a3d12) Importer(815301076,1909f56bfc062723c751e8b465ee728b)
Start importing Assets/school using Guid(6c1e30e46f026b649ac80e6b9e1a3d12) Importer(815301076,1909f56bfc062723c751e8b465ee728b)  -> (artifact id: 'be9f628707f5caf48b0e3408f7489134') in 0.003757 seconds 
========================================================================
Received Import Request.
  Time since last request: 0.466742 seconds.
  path: Assets/Scripts
  artifactKey: Guid(4fceb892d1355634780ad592b15e9e94) Importer(815301076,1909f56bfc062723c751e8b465ee728b)
Start importing Assets/Scripts using Guid(4fceb892d1355634780ad592b15e9e94) Importer(815301076,1909f56bfc062723c751e8b465ee728b)  -> (artifact id: 'b40838d4fae9743bf9b90e52c76dc02f') in 0.003230 seconds 
========================================================================
Received Import Request.
  Time since last request: 5.513884 seconds.
  path: Assets/Resource/_TerrainAutoUpgrade/layer_Ending_tile_01_0cc0f254a2c535401.terrainlayer
  artifactKey: Guid(82f089c49fc171c4d8dc019883f9f3cd) Importer(815301076,1909f56bfc062723c751e8b465ee728b)
Start importing Assets/Resource/_TerrainAutoUpgrade/layer_Ending_tile_01_0cc0f254a2c535401.terrainlayer using Guid(82f089c49fc171c4d8dc019883f9f3cd) Importer(815301076,1909f56bfc062723c751e8b465ee728b)  -> (artifact id: 'eb2fa5069ce243d5407175b5006714ac') in 0.030542 seconds 
========================================================================
Received Import Request.
  Time since last request: 0.000130 seconds.
  path: Assets/Resource/_TerrainAutoUpgrade/layer_Ending_tile_03_0cc0f254a2c535401.terrainlayer
  artifactKey: Guid(0ee73cc625680794486859852265a195) Importer(815301076,1909f56bfc062723c751e8b465ee728b)
Start importing Assets/Resource/_TerrainAutoUpgrade/layer_Ending_tile_03_0cc0f254a2c535401.terrainlayer using Guid(0ee73cc625680794486859852265a195) Importer(815301076,1909f56bfc062723c751e8b465ee728b)  -> (artifact id: '2b3fd038aff0926d8dcc5d4e4b2f0dec') in 0.015493 seconds 
========================================================================
Received Import Request.
  Time since last request: 0.000163 seconds.
  path: Assets/Resource/_TerrainAutoUpgrade/layer_Ending_tile_01cc0f254a2c535401.terrainlayer
  artifactKey: Guid(ff64fb9255669d44cbebc0e8bf1cf370) Importer(815301076,1909f56bfc062723c751e8b465ee728b)
Start importing Assets/Resource/_TerrainAutoUpgrade/layer_Ending_tile_01cc0f254a2c535401.terrainlayer using Guid(ff64fb9255669d44cbebc0e8bf1cf370) Importer(815301076,1909f56bfc062723c751e8b465ee728b)  -> (artifact id: '39947dc1203338f821c15644d5083796') in 0.015245 seconds 
========================================================================
Received Import Request.
  Time since last request: 0.000210 seconds.
  path: Assets/Resource/_TerrainAutoUpgrade/layer_w_school_tile_02_3457a074a3eb5fb92.terrainlayer
  artifactKey: Guid(a3c5672df5eb07b409e29ce1635b4dfc) Importer(815301076,1909f56bfc062723c751e8b465ee728b)
Start importing Assets/Resource/_TerrainAutoUpgrade/layer_w_school_tile_02_3457a074a3eb5fb92.terrainlayer using Guid(a3c5672df5eb07b409e29ce1635b4dfc) Importer(815301076,1909f56bfc062723c751e8b465ee728b)  -> (artifact id: '1fe4f246a3d1922379a5c04d3e4d989b') in 0.004917 seconds 
========================================================================
Received Import Request.
  Time since last request: 0.000156 seconds.
  path: Assets/Resource/_TerrainAutoUpgrade/layer_Ending_tile_05b3407d0e55802f81.terrainlayer
  artifactKey: Guid(e4fe71451c0472a4e9361ab50d336076) Importer(815301076,1909f56bfc062723c751e8b465ee728b)
Start importing Assets/Resource/_TerrainAutoUpgrade/layer_Ending_tile_05b3407d0e55802f81.terrainlayer using Guid(e4fe71451c0472a4e9361ab50d336076) Importer(815301076,1909f56bfc062723c751e8b465ee728b)  -> (artifact id: 'e405d8af788870547fcb2af410b04016') in 0.004517 seconds 
========================================================================
Received Import Request.
  Time since last request: 0.000189 seconds.
  path: Assets/Resource/_TerrainAutoUpgrade/layer_w_school_tile_0341e0044750e7243f.terrainlayer
  artifactKey: Guid(7cd972cbfe7f85c4c82e3747e1d2bd59) Importer(815301076,1909f56bfc062723c751e8b465ee728b)
Start importing Assets/Resource/_TerrainAutoUpgrade/layer_w_school_tile_0341e0044750e7243f.terrainlayer using Guid(7cd972cbfe7f85c4c82e3747e1d2bd59) Importer(815301076,1909f56bfc062723c751e8b465ee728b)  -> (artifact id: '144741655ed5c8f413f0a3e5387e3920') in 0.015336 seconds 
========================================================================
Received Import Request.
  Time since last request: 0.000233 seconds.
  path: Assets/Resource/_TerrainAutoUpgrade/layer_w_school_tile_01_37c29e462e9015b81.terrainlayer
  artifactKey: Guid(71214681dc0e75846bc30c05a9c6bc48) Importer(815301076,1909f56bfc062723c751e8b465ee728b)
Start importing Assets/Resource/_TerrainAutoUpgrade/layer_w_school_tile_01_37c29e462e9015b81.terrainlayer using Guid(71214681dc0e75846bc30c05a9c6bc48) Importer(815301076,1909f56bfc062723c751e8b465ee728b)  -> (artifact id: '8c7e58507539a133045d65a7406c6fa7') in 0.021935 seconds 
========================================================================
Received Import Request.
  Time since last request: 0.000196 seconds.
  path: Assets/Resource/_TerrainAutoUpgrade/layer_Ending_tile_06cc0f254a2c535401.terrainlayer
  artifactKey: Guid(fceee0ad9dc4705469ca622bc4cc0847) Importer(815301076,1909f56bfc062723c751e8b465ee728b)
Start importing Assets/Resource/_TerrainAutoUpgrade/layer_Ending_tile_06cc0f254a2c535401.terrainlayer using Guid(fceee0ad9dc4705469ca622bc4cc0847) Importer(815301076,1909f56bfc062723c751e8b465ee728b)  -> (artifact id: '3a46cdb5e4be86deeb892baff958f5ff') in 0.016155 seconds 
========================================================================
Received Import Request.
  Time since last request: 0.000174 seconds.
  path: Assets/Resource/_TerrainAutoUpgrade/layer_Ending_tile_05_0b3407d0e55802f81.terrainlayer
  artifactKey: Guid(98529623de8b9674abd2acc315f0a3c8) Importer(815301076,1909f56bfc062723c751e8b465ee728b)
Start importing Assets/Resource/_TerrainAutoUpgrade/layer_Ending_tile_05_0b3407d0e55802f81.terrainlayer using Guid(98529623de8b9674abd2acc315f0a3c8) Importer(815301076,1909f56bfc062723c751e8b465ee728b)  -> (artifact id: '88781b7324cd1b6a6dadb6c8e14b9eca') in 0.004483 seconds 
========================================================================
Received Import Request.
  Time since last request: 0.000162 seconds.
  path: Assets/Resource/_TerrainAutoUpgrade/layer_Ending_tile_03cc0f254a2c535401.terrainlayer
  artifactKey: Guid(e74659cccbaafb045858852ee09aeaee) Importer(815301076,1909f56bfc062723c751e8b465ee728b)
Start importing Assets/Resource/_TerrainAutoUpgrade/layer_Ending_tile_03cc0f254a2c535401.terrainlayer using Guid(e74659cccbaafb045858852ee09aeaee) Importer(815301076,1909f56bfc062723c751e8b465ee728b)  -> (artifact id: 'ba8b5fea9a57ea67a76a434236454708') in 0.014803 seconds 
========================================================================
Received Import Request.
  Time since last request: 0.000215 seconds.
  path: Assets/Resource/_TerrainAutoUpgrade/layer_Ending_tile_02cc0f254a2c535401.terrainlayer
  artifactKey: Guid(6b14f9df557ee8e439482c08cb26f28f) Importer(815301076,1909f56bfc062723c751e8b465ee728b)
Start importing Assets/Resource/_TerrainAutoUpgrade/layer_Ending_tile_02cc0f254a2c535401.terrainlayer using Guid(6b14f9df557ee8e439482c08cb26f28f) Importer(815301076,1909f56bfc062723c751e8b465ee728b)  -> (artifact id: '4b93879704c907f004fe1bb07b3eb368') in 0.015091 seconds 
========================================================================
Received Import Request.
  Time since last request: 0.000206 seconds.
  path: Assets/Resource/_TerrainAutoUpgrade/layer_Ending_tile_06551a03612778ccb2.terrainlayer
  artifactKey: Guid(4939db655b212894dac28952e304d62f) Importer(815301076,1909f56bfc062723c751e8b465ee728b)
Start importing Assets/Resource/_TerrainAutoUpgrade/layer_Ending_tile_06551a03612778ccb2.terrainlayer using Guid(4939db655b212894dac28952e304d62f) Importer(815301076,1909f56bfc062723c751e8b465ee728b)  -> (artifact id: '283164c8829f509b21c4356fe5262120') in 0.011174 seconds 
========================================================================
Received Import Request.
  Time since last request: 0.000187 seconds.
  path: Assets/Resource/_TerrainAutoUpgrade/layer_Ending_tile_04cc0f254a2c535401.terrainlayer
  artifactKey: Guid(7c4acba5fdeca884abe78bb7f42116c9) Importer(815301076,1909f56bfc062723c751e8b465ee728b)
Start importing Assets/Resource/_TerrainAutoUpgrade/layer_Ending_tile_04cc0f254a2c535401.terrainlayer using Guid(7c4acba5fdeca884abe78bb7f42116c9) Importer(815301076,1909f56bfc062723c751e8b465ee728b)  -> (artifact id: 'd279bff80d6d4103b3762ef0b3c920f9') in 0.015667 seconds 
========================================================================
Received Import Request.
  Time since last request: 0.000130 seconds.
  path: Assets/Resource/_TerrainAutoUpgrade/layer_Ending_tile_05_0cc0f254a2c535401.terrainlayer
  artifactKey: Guid(a99473e172d28c640a17c321175f6311) Importer(815301076,1909f56bfc062723c751e8b465ee728b)
Start importing Assets/Resource/_TerrainAutoUpgrade/layer_Ending_tile_05_0cc0f254a2c535401.terrainlayer using Guid(a99473e172d28c640a17c321175f6311) Importer(815301076,1909f56bfc062723c751e8b465ee728b)  -> (artifact id: '7b8eacdad646b7d3d0b84888b84f32a1') in 0.004602 seconds 
========================================================================
Received Import Request.
  Time since last request: 2.613679 seconds.
  path: Assets/Resource/Scripts
  artifactKey: Guid(55bfff2266c0bbd46ab6c939974a5b86) Importer(815301076,1909f56bfc062723c751e8b465ee728b)
Start importing Assets/Resource/Scripts using Guid(55bfff2266c0bbd46ab6c939974a5b86) Importer(815301076,1909f56bfc062723c751e8b465ee728b)  -> (artifact id: '0e04611c7c2961fff927d1deae1ca7ff') in 0.002548 seconds 
========================================================================
Received Import Request.
  Time since last request: 0.950467 seconds.
  path: Assets/Resource/Scripts/Assembly-CSharp-firstpass
  artifactKey: Guid(8b9923bc8183bc3419d97eae0fd0dd61) Importer(815301076,1909f56bfc062723c751e8b465ee728b)
Start importing Assets/Resource/Scripts/Assembly-CSharp-firstpass using Guid(8b9923bc8183bc3419d97eae0fd0dd61) Importer(815301076,1909f56bfc062723c751e8b465ee728b)  -> (artifact id: 'e3619bdf1052845bc56ab682913fc74f') in 0.002690 seconds 
========================================================================
Received Import Request.
  Time since last request: 1.132406 seconds.
  path: Assets/Resource/Scripts/Assembly-CSharp-firstpass/Steamworks
  artifactKey: Guid(e9394dc5905f4fe448ef6d5f35fb47a9) Importer(815301076,1909f56bfc062723c751e8b465ee728b)
Start importing Assets/Resource/Scripts/Assembly-CSharp-firstpass/Steamworks using Guid(e9394dc5905f4fe448ef6d5f35fb47a9) Importer(815301076,1909f56bfc062723c751e8b465ee728b)  -> (artifact id: '99c3cdb670588bf8ad9e2866458133c4') in 0.003043 seconds 
========================================================================
Received Import Request.
  Time since last request: 0.309306 seconds.
  path: Assets/Resource/Scripts/Assembly-CSharp-firstpass/UnityStandardAssets
  artifactKey: Guid(fe7925679006a49449d11abc91f9ff8c) Importer(815301076,1909f56bfc062723c751e8b465ee728b)
Start importing Assets/Resource/Scripts/Assembly-CSharp-firstpass/UnityStandardAssets using Guid(fe7925679006a49449d11abc91f9ff8c) Importer(815301076,1909f56bfc062723c751e8b465ee728b)  -> (artifact id: 'f5c4d515122461ce94630dde6ac76897') in 0.003609 seconds 
========================================================================
Received Import Request.
  Time since last request: 7.429899 seconds.
  path: Assets/Scripts/PlayerController.cs
  artifactKey: Guid(8af035b37ef9be2488bafdacba3e2b0e) Importer(815301076,1909f56bfc062723c751e8b465ee728b)
Start importing Assets/Scripts/PlayerController.cs using Guid(8af035b37ef9be2488bafdacba3e2b0e) Importer(815301076,1909f56bfc062723c751e8b465ee728b)  -> (artifact id: 'd7bb82561d0fe3ddb8fdc52a52d20018') in 0.012492 seconds 
========================================================================
Received Import Request.
  Time since last request: 115.953393 seconds.
  path: Assets/Scripts/InputManager.cs
  artifactKey: Guid(2d2051dbb71fbe84696994291c6d49ad) Importer(815301076,1909f56bfc062723c751e8b465ee728b)
Start importing Assets/Scripts/InputManager.cs using Guid(2d2051dbb71fbe84696994291c6d49ad) Importer(815301076,1909f56bfc062723c751e8b465ee728b)  -> (artifact id: 'd0d5bbccb80bdf0e8588998fcbe75405') in 0.002292 seconds 
========================================================================
Received Prepare
Registering precompiled user dll's ...
Registered in 0.011523 seconds.
Begin MonoManager ReloadAssembly
Native extension for WindowsStandalone target not found
Refreshing native plugins compatible for Editor in 1.50 ms, found 1 plugins.
Preloading 0 native plugins for Editor in 0.00 ms.
Mono: successfully reloaded assembly
- Completed reload, in  2.060 seconds
Platform modules already initialized, skipping
Refreshing native plugins compatible for Editor in 1.92 ms, found 1 plugins.
Preloading 0 native plugins for Editor in 0.00 ms.
Unloading 4353 Unused Serialized files (Serialized files now loaded: 0)
System memory in use before: 197.2 MB.
System memory in use after: 196.9 MB.

Unloading 215 unused Assets to reduce memory usage. Loaded Objects now: 4806.
Total: 4.697500 ms (FindLiveObjects: 0.871700 ms CreateObjectMapping: 0.381400 ms MarkObjects: 2.906600 ms  DeleteObjects: 0.535600 ms)

========================================================================
Received Import Request.
  Time since last request: 32.844451 seconds.
  path: Assets/Scripts/InputManager.cs
  artifactKey: Guid(2d2051dbb71fbe84696994291c6d49ad) Importer(815301076,1909f56bfc062723c751e8b465ee728b)
Start importing Assets/Scripts/InputManager.cs using Guid(2d2051dbb71fbe84696994291c6d49ad) Importer(815301076,1909f56bfc062723c751e8b465ee728b)  -> (artifact id: 'f5d4e028ec1aaa9c9a4851ecca3b6ff8') in 0.009363 seconds 
========================================================================
Received Prepare
Registering precompiled user dll's ...
Registered in 0.006676 seconds.
Begin MonoManager ReloadAssembly
Native extension for WindowsStandalone target not found
Refreshing native plugins compatible for Editor in 2.26 ms, found 1 plugins.
Preloading 0 native plugins for Editor in 0.00 ms.
Mono: successfully reloaded assembly
- Completed reload, in  1.309 seconds
Platform modules already initialized, skipping
Refreshing native plugins compatible for Editor in 1.63 ms, found 1 plugins.
Preloading 0 native plugins for Editor in 0.00 ms.
Unloading 4347 Unused Serialized files (Serialized files now loaded: 0)
System memory in use before: 197.1 MB.
System memory in use after: 196.7 MB.

Unloading 215 unused Assets to reduce memory usage. Loaded Objects now: 4809.
Total: 7.203500 ms (FindLiveObjects: 0.755900 ms CreateObjectMapping: 0.284500 ms MarkObjects: 5.705100 ms  DeleteObjects: 0.455600 ms)

========================================================================
Received Import Request.
  Time since last request: 19.549513 seconds.
  path: Assets/Scripts/InputManager.cs
  artifactKey: Guid(2d2051dbb71fbe84696994291c6d49ad) Importer(815301076,1909f56bfc062723c751e8b465ee728b)
Start importing Assets/Scripts/InputManager.cs using Guid(2d2051dbb71fbe84696994291c6d49ad) Importer(815301076,1909f56bfc062723c751e8b465ee728b)  -> (artifact id: 'febc4366dcfadf2c88c91d724a4e8e75') in 0.020268 seconds 
========================================================================
Received Prepare
Registering precompiled user dll's ...
Registered in 0.007793 seconds.
Begin MonoManager ReloadAssembly
Native extension for WindowsStandalone target not found
Refreshing native plugins compatible for Editor in 1.42 ms, found 1 plugins.
Preloading 0 native plugins for Editor in 0.00 ms.
Mono: successfully reloaded assembly
- Completed reload, in  1.052 seconds
Platform modules already initialized, skipping
Refreshing native plugins compatible for Editor in 1.51 ms, found 1 plugins.
Preloading 0 native plugins for Editor in 0.00 ms.
Unloading 4347 Unused Serialized files (Serialized files now loaded: 0)
System memory in use before: 197.1 MB.
System memory in use after: 196.8 MB.

Unloading 215 unused Assets to reduce memory usage. Loaded Objects now: 4812.
Total: 2.788900 ms (FindLiveObjects: 0.448500 ms CreateObjectMapping: 0.200800 ms MarkObjects: 1.800500 ms  DeleteObjects: 0.338200 ms)

========================================================================
Received Import Request.
  Time since last request: 18.096950 seconds.
  path: Assets/Scripts/InputManager.cs
  artifactKey: Guid(2d2051dbb71fbe84696994291c6d49ad) Importer(815301076,1909f56bfc062723c751e8b465ee728b)
Start importing Assets/Scripts/InputManager.cs using Guid(2d2051dbb71fbe84696994291c6d49ad) Importer(815301076,1909f56bfc062723c751e8b465ee728b)  -> (artifact id: '1086d8014161e5c4817d0300651d8d40') in 0.008804 seconds 
========================================================================
Received Import Request.
  Time since last request: 218.121775 seconds.
  path: Assets/Scripts/InputManager.cs
  artifactKey: Guid(2d2051dbb71fbe84696994291c6d49ad) Importer(815301076,1909f56bfc062723c751e8b465ee728b)
Start importing Assets/Scripts/InputManager.cs using Guid(2d2051dbb71fbe84696994291c6d49ad) Importer(815301076,1909f56bfc062723c751e8b465ee728b)  -> (artifact id: 'cad6863b463432f8becc1576b1f0da86') in 0.002772 seconds 
========================================================================
Received Prepare
Registering precompiled user dll's ...
Registered in 0.005008 seconds.
Begin MonoManager ReloadAssembly
Native extension for WindowsStandalone target not found
Refreshing native plugins compatible for Editor in 1.55 ms, found 1 plugins.
Preloading 0 native plugins for Editor in 0.00 ms.
Mono: successfully reloaded assembly
- Completed reload, in  0.936 seconds
Platform modules already initialized, skipping
Refreshing native plugins compatible for Editor in 1.38 ms, found 1 plugins.
Preloading 0 native plugins for Editor in 0.00 ms.
Unloading 4347 Unused Serialized files (Serialized files now loaded: 0)
System memory in use before: 197.2 MB.
System memory in use after: 196.8 MB.

Unloading 215 unused Assets to reduce memory usage. Loaded Objects now: 4815.
Total: 3.158700 ms (FindLiveObjects: 0.612100 ms CreateObjectMapping: 0.201800 ms MarkObjects: 1.968000 ms  DeleteObjects: 0.375400 ms)

========================================================================
Received Import Request.
  Time since last request: 10.224823 seconds.
  path: Assets/Scripts/InputManager.cs
  artifactKey: Guid(2d2051dbb71fbe84696994291c6d49ad) Importer(815301076,1909f56bfc062723c751e8b465ee728b)
Start importing Assets/Scripts/InputManager.cs using Guid(2d2051dbb71fbe84696994291c6d49ad) Importer(815301076,1909f56bfc062723c751e8b465ee728b)  -> (artifact id: '0d12efaa541e43a5c13b7d579934c9f0') in 0.008908 seconds 
========================================================================
Received Import Request.
  Time since last request: 6.082405 seconds.
  path: Assets/Scripts/InputManager.cs
  artifactKey: Guid(2d2051dbb71fbe84696994291c6d49ad) Importer(815301076,1909f56bfc062723c751e8b465ee728b)
Start importing Assets/Scripts/InputManager.cs using Guid(2d2051dbb71fbe84696994291c6d49ad) Importer(815301076,1909f56bfc062723c751e8b465ee728b)  -> (artifact id: '4d9eafdb31cb20277f0888f0367b3be5') in 0.003097 seconds 
========================================================================
Received Import Request.
  Time since last request: 92.521279 seconds.
  path: Assets/Scripts/InputManager.cs
  artifactKey: Guid(2d2051dbb71fbe84696994291c6d49ad) Importer(815301076,1909f56bfc062723c751e8b465ee728b)
Start importing Assets/Scripts/InputManager.cs using Guid(2d2051dbb71fbe84696994291c6d49ad) Importer(815301076,1909f56bfc062723c751e8b465ee728b)  -> (artifact id: 'b40be63c5ae86d40f32d81447c1107e3') in 0.002454 seconds 
========================================================================
Received Import Request.
  Time since last request: 162.196567 seconds.
  path: Assets/Scripts/InputManager.cs
  artifactKey: Guid(2d2051dbb71fbe84696994291c6d49ad) Importer(815301076,1909f56bfc062723c751e8b465ee728b)
Start importing Assets/Scripts/InputManager.cs using Guid(2d2051dbb71fbe84696994291c6d49ad) Importer(815301076,1909f56bfc062723c751e8b465ee728b)  -> (artifact id: 'a53b8ac90cc924dde2f1c5d5303e275f') in 0.002808 seconds 
========================================================================
Received Prepare
Registering precompiled user dll's ...
Registered in 0.005109 seconds.
Begin MonoManager ReloadAssembly
Native extension for WindowsStandalone target not found
Refreshing native plugins compatible for Editor in 1.36 ms, found 1 plugins.
Preloading 0 native plugins for Editor in 0.00 ms.
Mono: successfully reloaded assembly
- Completed reload, in  0.934 seconds
Platform modules already initialized, skipping
Refreshing native plugins compatible for Editor in 1.39 ms, found 1 plugins.
Preloading 0 native plugins for Editor in 0.00 ms.
Unloading 4347 Unused Serialized files (Serialized files now loaded: 0)
System memory in use before: 197.0 MB.
System memory in use after: 196.6 MB.

Unloading 215 unused Assets to reduce memory usage. Loaded Objects now: 4818.
Total: 3.367100 ms (FindLiveObjects: 0.566000 ms CreateObjectMapping: 0.248800 ms MarkObjects: 2.161800 ms  DeleteObjects: 0.388800 ms)

========================================================================
Received Import Request.
  Time since last request: 22.444551 seconds.
  path: Assets/Scripts/InputManager.cs
  artifactKey: Guid(2d2051dbb71fbe84696994291c6d49ad) Importer(815301076,1909f56bfc062723c751e8b465ee728b)
Start importing Assets/Scripts/InputManager.cs using Guid(2d2051dbb71fbe84696994291c6d49ad) Importer(815301076,1909f56bfc062723c751e8b465ee728b)  -> (artifact id: '9e2a94f65230a9ef030b1646e38c7cfc') in 0.007645 seconds 
========================================================================
Received Prepare
Registering precompiled user dll's ...
Registered in 0.004979 seconds.
Begin MonoManager ReloadAssembly
Native extension for WindowsStandalone target not found
Refreshing native plugins compatible for Editor in 1.34 ms, found 1 plugins.
Preloading 0 native plugins for Editor in 0.00 ms.
Mono: successfully reloaded assembly
- Completed reload, in  1.001 seconds
Platform modules already initialized, skipping
Refreshing native plugins compatible for Editor in 1.36 ms, found 1 plugins.
Preloading 0 native plugins for Editor in 0.00 ms.
Unloading 4347 Unused Serialized files (Serialized files now loaded: 0)
System memory in use before: 197.0 MB.
System memory in use after: 196.7 MB.

Unloading 215 unused Assets to reduce memory usage. Loaded Objects now: 4821.
Total: 3.178500 ms (FindLiveObjects: 0.445200 ms CreateObjectMapping: 0.243400 ms MarkObjects: 2.115900 ms  DeleteObjects: 0.372600 ms)

========================================================================
Received Import Request.
  Time since last request: 26.383401 seconds.
  path: Assets/Scripts/InputManager.cs
  artifactKey: Guid(2d2051dbb71fbe84696994291c6d49ad) Importer(815301076,1909f56bfc062723c751e8b465ee728b)
Start importing Assets/Scripts/InputManager.cs using Guid(2d2051dbb71fbe84696994291c6d49ad) Importer(815301076,1909f56bfc062723c751e8b465ee728b)  -> (artifact id: 'ed054960e54a7d25c9cc5383c37d85ab') in 0.008045 seconds 
========================================================================
Received Prepare
Registering precompiled user dll's ...
Registered in 0.005014 seconds.
Begin MonoManager ReloadAssembly
Native extension for WindowsStandalone target not found
Refreshing native plugins compatible for Editor in 1.82 ms, found 1 plugins.
Preloading 0 native plugins for Editor in 0.00 ms.
Mono: successfully reloaded assembly
- Completed reload, in  0.912 seconds
Platform modules already initialized, skipping
Refreshing native plugins compatible for Editor in 1.56 ms, found 1 plugins.
Preloading 0 native plugins for Editor in 0.00 ms.
Unloading 4347 Unused Serialized files (Serialized files now loaded: 0)
System memory in use before: 197.0 MB.
System memory in use after: 196.7 MB.

Unloading 215 unused Assets to reduce memory usage. Loaded Objects now: 4824.
Total: 3.359200 ms (FindLiveObjects: 0.460900 ms CreateObjectMapping: 0.243600 ms MarkObjects: 2.256600 ms  DeleteObjects: 0.396800 ms)

========================================================================
Received Import Request.
  Time since last request: 25.684499 seconds.
  path: Assets/Scripts/InputManager.cs
  artifactKey: Guid(2d2051dbb71fbe84696994291c6d49ad) Importer(815301076,1909f56bfc062723c751e8b465ee728b)
Start importing Assets/Scripts/InputManager.cs using Guid(2d2051dbb71fbe84696994291c6d49ad) Importer(815301076,1909f56bfc062723c751e8b465ee728b)  -> (artifact id: 'e60d0a60aeb61f16f83b0ae380e228f9') in 0.007607 seconds 
========================================================================
Received Prepare
Registering precompiled user dll's ...
Registered in 0.005065 seconds.
Begin MonoManager ReloadAssembly
Native extension for WindowsStandalone target not found
Refreshing native plugins compatible for Editor in 1.40 ms, found 1 plugins.
Preloading 0 native plugins for Editor in 0.00 ms.
Mono: successfully reloaded assembly
- Completed reload, in  0.946 seconds
Platform modules already initialized, skipping
Refreshing native plugins compatible for Editor in 1.65 ms, found 1 plugins.
Preloading 0 native plugins for Editor in 0.00 ms.
Unloading 4347 Unused Serialized files (Serialized files now loaded: 0)
System memory in use before: 197.0 MB.
System memory in use after: 196.7 MB.

Unloading 215 unused Assets to reduce memory usage. Loaded Objects now: 4827.
Total: 3.687100 ms (FindLiveObjects: 0.789200 ms CreateObjectMapping: 0.320700 ms MarkObjects: 2.146600 ms  DeleteObjects: 0.429000 ms)

========================================================================
Received Import Request.
  Time since last request: 7.303365 seconds.
  path: Assets/Scripts/InputManager.cs
  artifactKey: Guid(2d2051dbb71fbe84696994291c6d49ad) Importer(815301076,1909f56bfc062723c751e8b465ee728b)
Start importing Assets/Scripts/InputManager.cs using Guid(2d2051dbb71fbe84696994291c6d49ad) Importer(815301076,1909f56bfc062723c751e8b465ee728b)  -> (artifact id: 'cccdc629546d292e63269af9019fffe9') in 0.007002 seconds 
========================================================================
Received Prepare
Registering precompiled user dll's ...
Registered in 0.005601 seconds.
Begin MonoManager ReloadAssembly
Native extension for WindowsStandalone target not found
Refreshing native plugins compatible for Editor in 1.48 ms, found 1 plugins.
Preloading 0 native plugins for Editor in 0.00 ms.
Mono: successfully reloaded assembly
- Completed reload, in  0.916 seconds
Platform modules already initialized, skipping
Refreshing native plugins compatible for Editor in 1.39 ms, found 1 plugins.
Preloading 0 native plugins for Editor in 0.00 ms.
Unloading 4347 Unused Serialized files (Serialized files now loaded: 0)
System memory in use before: 197.1 MB.
System memory in use after: 196.7 MB.

Unloading 215 unused Assets to reduce memory usage. Loaded Objects now: 4830.
Total: 2.882300 ms (FindLiveObjects: 0.422100 ms CreateObjectMapping: 0.186400 ms MarkObjects: 1.930700 ms  DeleteObjects: 0.341800 ms)

========================================================================
Received Import Request.
  Time since last request: 20.350552 seconds.
  path: Assets/Scripts/InputManager.cs
  artifactKey: Guid(2d2051dbb71fbe84696994291c6d49ad) Importer(815301076,1909f56bfc062723c751e8b465ee728b)
Start importing Assets/Scripts/InputManager.cs using Guid(2d2051dbb71fbe84696994291c6d49ad) Importer(815301076,1909f56bfc062723c751e8b465ee728b)  -> (artifact id: 'dbef084db9bc35fec747b0729a38f528') in 0.009305 seconds 
========================================================================
Received Import Request.
  Time since last request: 7.491720 seconds.
  path: Assets/Scripts/InputManager.cs
  artifactKey: Guid(2d2051dbb71fbe84696994291c6d49ad) Importer(815301076,1909f56bfc062723c751e8b465ee728b)
Start importing Assets/Scripts/InputManager.cs using Guid(2d2051dbb71fbe84696994291c6d49ad) Importer(815301076,1909f56bfc062723c751e8b465ee728b)  -> (artifact id: '40cb9228f94530fe325968bdd83535c2') in 0.002920 seconds 
========================================================================
Received Prepare
Registering precompiled user dll's ...
Registered in 0.007833 seconds.
Begin MonoManager ReloadAssembly
Native extension for WindowsStandalone target not found
Refreshing native plugins compatible for Editor in 1.36 ms, found 1 plugins.
Preloading 0 native plugins for Editor in 0.00 ms.
Mono: successfully reloaded assembly
- Completed reload, in  0.921 seconds
Platform modules already initialized, skipping
Refreshing native plugins compatible for Editor in 1.38 ms, found 1 plugins.
Preloading 0 native plugins for Editor in 0.00 ms.
Unloading 4347 Unused Serialized files (Serialized files now loaded: 0)
System memory in use before: 197.1 MB.
System memory in use after: 196.7 MB.

Unloading 215 unused Assets to reduce memory usage. Loaded Objects now: 4833.
Total: 3.004600 ms (FindLiveObjects: 0.424200 ms CreateObjectMapping: 0.252200 ms MarkObjects: 1.933400 ms  DeleteObjects: 0.393400 ms)

========================================================================
Received Import Request.
  Time since last request: 38.771716 seconds.
  path: Assets/Scripts/InputManager.cs
  artifactKey: Guid(2d2051dbb71fbe84696994291c6d49ad) Importer(815301076,1909f56bfc062723c751e8b465ee728b)
Start importing Assets/Scripts/InputManager.cs using Guid(2d2051dbb71fbe84696994291c6d49ad) Importer(815301076,1909f56bfc062723c751e8b465ee728b)  -> (artifact id: 'a996061f6a75d851de4bc02e04794e80') in 0.009259 seconds 
========================================================================
Received Prepare
Registering precompiled user dll's ...
Registered in 0.005422 seconds.
Begin MonoManager ReloadAssembly
Native extension for WindowsStandalone target not found
Refreshing native plugins compatible for Editor in 1.44 ms, found 1 plugins.
Preloading 0 native plugins for Editor in 0.00 ms.
Mono: successfully reloaded assembly
- Completed reload, in  0.970 seconds
Platform modules already initialized, skipping
Refreshing native plugins compatible for Editor in 1.35 ms, found 1 plugins.
Preloading 0 native plugins for Editor in 0.00 ms.
Unloading 4347 Unused Serialized files (Serialized files now loaded: 0)
System memory in use before: 197.1 MB.
System memory in use after: 196.7 MB.

Unloading 215 unused Assets to reduce memory usage. Loaded Objects now: 4836.
Total: 3.222600 ms (FindLiveObjects: 0.421600 ms CreateObjectMapping: 0.211600 ms MarkObjects: 2.198300 ms  DeleteObjects: 0.390200 ms)

========================================================================
Received Import Request.
  Time since last request: 25.910136 seconds.
  path: Assets/Scripts/InputManager.cs
  artifactKey: Guid(2d2051dbb71fbe84696994291c6d49ad) Importer(815301076,1909f56bfc062723c751e8b465ee728b)
Start importing Assets/Scripts/InputManager.cs using Guid(2d2051dbb71fbe84696994291c6d49ad) Importer(815301076,1909f56bfc062723c751e8b465ee728b)  -> (artifact id: '088dd7221d04bb0cc581edcd38f100c5') in 0.009806 seconds 
========================================================================
Received Prepare
Registering precompiled user dll's ...
Registered in 0.005135 seconds.
Begin MonoManager ReloadAssembly
Native extension for WindowsStandalone target not found
Refreshing native plugins compatible for Editor in 1.37 ms, found 1 plugins.
Preloading 0 native plugins for Editor in 0.00 ms.
Mono: successfully reloaded assembly
- Completed reload, in  0.959 seconds
Platform modules already initialized, skipping
Refreshing native plugins compatible for Editor in 1.62 ms, found 1 plugins.
Preloading 0 native plugins for Editor in 0.00 ms.
Unloading 4347 Unused Serialized files (Serialized files now loaded: 0)
System memory in use before: 197.1 MB.
System memory in use after: 196.7 MB.

Unloading 215 unused Assets to reduce memory usage. Loaded Objects now: 4839.
Total: 3.490000 ms (FindLiveObjects: 0.587000 ms CreateObjectMapping: 0.266400 ms MarkObjects: 2.251600 ms  DeleteObjects: 0.383400 ms)

========================================================================
Received Prepare
Registering precompiled user dll's ...
Registered in 0.005635 seconds.
Begin MonoManager ReloadAssembly
Native extension for WindowsStandalone target not found
Refreshing native plugins compatible for Editor in 1.47 ms, found 1 plugins.
Preloading 0 native plugins for Editor in 0.00 ms.
Mono: successfully reloaded assembly
- Completed reload, in  0.958 seconds
Platform modules already initialized, skipping
Refreshing native plugins compatible for Editor in 1.48 ms, found 1 plugins.
Preloading 0 native plugins for Editor in 0.00 ms.
Unloading 4347 Unused Serialized files (Serialized files now loaded: 0)
System memory in use before: 197.1 MB.
System memory in use after: 196.7 MB.

Unloading 215 unused Assets to reduce memory usage. Loaded Objects now: 4842.
Total: 3.898800 ms (FindLiveObjects: 0.553600 ms CreateObjectMapping: 0.246700 ms MarkObjects: 2.669000 ms  DeleteObjects: 0.427800 ms)

========================================================================
Received Import Request.
  Time since last request: 18.865671 seconds.
  path: Assets/Scripts/InputManager.cs
  artifactKey: Guid(2d2051dbb71fbe84696994291c6d49ad) Importer(815301076,1909f56bfc062723c751e8b465ee728b)
Start importing Assets/Scripts/InputManager.cs using Guid(2d2051dbb71fbe84696994291c6d49ad) Importer(815301076,1909f56bfc062723c751e8b465ee728b)  -> (artifact id: 'e27989e3cd63d6c83af4b41fb5fb7bc6') in 0.008887 seconds 
========================================================================
Received Prepare
Registering precompiled user dll's ...
Registered in 0.005035 seconds.
Begin MonoManager ReloadAssembly
Native extension for WindowsStandalone target not found
Refreshing native plugins compatible for Editor in 1.32 ms, found 1 plugins.
Preloading 0 native plugins for Editor in 0.00 ms.
Mono: successfully reloaded assembly
- Completed reload, in  0.964 seconds
Platform modules already initialized, skipping
Refreshing native plugins compatible for Editor in 1.40 ms, found 1 plugins.
Preloading 0 native plugins for Editor in 0.00 ms.
Unloading 4347 Unused Serialized files (Serialized files now loaded: 0)
System memory in use before: 197.3 MB.
System memory in use after: 197.0 MB.

Unloading 215 unused Assets to reduce memory usage. Loaded Objects now: 4845.
Total: 3.320500 ms (FindLiveObjects: 0.532100 ms CreateObjectMapping: 0.219400 ms MarkObjects: 2.171000 ms  DeleteObjects: 0.397300 ms)

========================================================================
Received Import Request.
  Time since last request: 356.509203 seconds.
  path: Assets/Scripts/FPS Controller.cs
  artifactKey: Guid(57eebaf47088fff4eb86461b86e2fc5d) Importer(815301076,1909f56bfc062723c751e8b465ee728b)
Start importing Assets/Scripts/FPS Controller.cs using Guid(57eebaf47088fff4eb86461b86e2fc5d) Importer(815301076,1909f56bfc062723c751e8b465ee728b)  -> (artifact id: 'c514a29fb431882c1e1323b41a0997fb') in 0.008369 seconds 
========================================================================
Received Prepare
Registering precompiled user dll's ...
Registered in 0.008351 seconds.
Begin MonoManager ReloadAssembly
Native extension for WindowsStandalone target not found
Refreshing native plugins compatible for Editor in 1.59 ms, found 1 plugins.
Preloading 0 native plugins for Editor in 0.00 ms.
Mono: successfully reloaded assembly
- Completed reload, in  1.143 seconds
Platform modules already initialized, skipping
Refreshing native plugins compatible for Editor in 1.41 ms, found 1 plugins.
Preloading 0 native plugins for Editor in 0.00 ms.
Unloading 4348 Unused Serialized files (Serialized files now loaded: 0)
System memory in use before: 197.4 MB.
System memory in use after: 197.0 MB.

Unloading 215 unused Assets to reduce memory usage. Loaded Objects now: 4849.
Total: 3.501400 ms (FindLiveObjects: 0.592900 ms CreateObjectMapping: 0.242600 ms MarkObjects: 2.269000 ms  DeleteObjects: 0.395600 ms)

========================================================================
Received Import Request.
  Time since last request: 293.526655 seconds.
  path: Assets/Scripts/FPS Controller.cs
  artifactKey: Guid(57eebaf47088fff4eb86461b86e2fc5d) Importer(815301076,1909f56bfc062723c751e8b465ee728b)
Start importing Assets/Scripts/FPS Controller.cs using Guid(57eebaf47088fff4eb86461b86e2fc5d) Importer(815301076,1909f56bfc062723c751e8b465ee728b)  -> (artifact id: '6da6a25525a872ec9711a1f5410d12fe') in 0.008588 seconds 
========================================================================
Received Import Request.
  Time since last request: 24.754145 seconds.
  path: Assets/Scripts/FPS Controller.cs
  artifactKey: Guid(57eebaf47088fff4eb86461b86e2fc5d) Importer(815301076,1909f56bfc062723c751e8b465ee728b)
Start importing Assets/Scripts/FPS Controller.cs using Guid(57eebaf47088fff4eb86461b86e2fc5d) Importer(815301076,1909f56bfc062723c751e8b465ee728b)  -> (artifact id: 'dd122b12a1b813b1ac0721f0660106d4') in 0.002675 seconds 
========================================================================
Received Import Request.
  Time since last request: 8.128050 seconds.
  path: Assets/Scripts/FPS Controller.cs
  artifactKey: Guid(57eebaf47088fff4eb86461b86e2fc5d) Importer(815301076,1909f56bfc062723c751e8b465ee728b)
Start importing Assets/Scripts/FPS Controller.cs using Guid(57eebaf47088fff4eb86461b86e2fc5d) Importer(815301076,1909f56bfc062723c751e8b465ee728b)  -> (artifact id: '174412f9743c5cdabd1e557c128d7536') in 0.002749 seconds 
========================================================================
Received Import Request.
  Time since last request: 35.014753 seconds.
  path: Assets/Scripts/FPS Controller.cs
  artifactKey: Guid(57eebaf47088fff4eb86461b86e2fc5d) Importer(815301076,1909f56bfc062723c751e8b465ee728b)
Start importing Assets/Scripts/FPS Controller.cs using Guid(57eebaf47088fff4eb86461b86e2fc5d) Importer(815301076,1909f56bfc062723c751e8b465ee728b)  -> (artifact id: '01ad0dbddf318f0633bf6b02cd7c04c9') in 0.003059 seconds 
========================================================================
Received Import Request.
  Time since last request: 8.317802 seconds.
  path: Assets/Scripts/FPS Controller.cs
  artifactKey: Guid(57eebaf47088fff4eb86461b86e2fc5d) Importer(815301076,1909f56bfc062723c751e8b465ee728b)
Start importing Assets/Scripts/FPS Controller.cs using Guid(57eebaf47088fff4eb86461b86e2fc5d) Importer(815301076,1909f56bfc062723c751e8b465ee728b)  -> (artifact id: 'deaf46fafc3a4b2a061054fdf9bcbb5a') in 0.002285 seconds 
========================================================================
Received Import Request.
  Time since last request: 2.999522 seconds.
  path: Assets/Scripts/FPS Controller.cs
  artifactKey: Guid(57eebaf47088fff4eb86461b86e2fc5d) Importer(815301076,1909f56bfc062723c751e8b465ee728b)
Start importing Assets/Scripts/FPS Controller.cs using Guid(57eebaf47088fff4eb86461b86e2fc5d) Importer(815301076,1909f56bfc062723c751e8b465ee728b)  -> (artifact id: '1ab6eb9f6b1e33c03b6ebb9cba5b0cb0') in 0.003033 seconds 
========================================================================
Received Import Request.
  Time since last request: 21.123137 seconds.
  path: Assets/Scripts/FPS Controller.cs
  artifactKey: Guid(57eebaf47088fff4eb86461b86e2fc5d) Importer(815301076,1909f56bfc062723c751e8b465ee728b)
Start importing Assets/Scripts/FPS Controller.cs using Guid(57eebaf47088fff4eb86461b86e2fc5d) Importer(815301076,1909f56bfc062723c751e8b465ee728b)  -> (artifact id: '3fff24079601f4dbd71317dbcfe8dc9d') in 0.005848 seconds 
========================================================================
Received Import Request.
  Time since last request: 10.950955 seconds.
  path: Assets/Scripts/FPS Controller.cs
  artifactKey: Guid(57eebaf47088fff4eb86461b86e2fc5d) Importer(815301076,1909f56bfc062723c751e8b465ee728b)
Start importing Assets/Scripts/FPS Controller.cs using Guid(57eebaf47088fff4eb86461b86e2fc5d) Importer(815301076,1909f56bfc062723c751e8b465ee728b)  -> (artifact id: '116dac6726c1f96c8616b32bcb9525d4') in 0.002721 seconds 
========================================================================
Received Import Request.
  Time since last request: 5.835787 seconds.
  path: Assets/Scripts/FPS Controller.cs
  artifactKey: Guid(57eebaf47088fff4eb86461b86e2fc5d) Importer(815301076,1909f56bfc062723c751e8b465ee728b)
Start importing Assets/Scripts/FPS Controller.cs using Guid(57eebaf47088fff4eb86461b86e2fc5d) Importer(815301076,1909f56bfc062723c751e8b465ee728b)  -> (artifact id: '795e667bff05908a3fd15f1fee7424c0') in 0.002458 seconds 
========================================================================
Received Import Request.
  Time since last request: 20.796650 seconds.
  path: Assets/Scripts/FPS Controller.cs
  artifactKey: Guid(57eebaf47088fff4eb86461b86e2fc5d) Importer(815301076,1909f56bfc062723c751e8b465ee728b)
Start importing Assets/Scripts/FPS Controller.cs using Guid(57eebaf47088fff4eb86461b86e2fc5d) Importer(815301076,1909f56bfc062723c751e8b465ee728b)  -> (artifact id: '64f2af37fa1544ee58e8a4a9add891bb') in 0.003061 seconds 
========================================================================
Received Import Request.
  Time since last request: 14.520228 seconds.
  path: Assets/Scripts/FPS Controller.cs
  artifactKey: Guid(57eebaf47088fff4eb86461b86e2fc5d) Importer(815301076,1909f56bfc062723c751e8b465ee728b)
Start importing Assets/Scripts/FPS Controller.cs using Guid(57eebaf47088fff4eb86461b86e2fc5d) Importer(815301076,1909f56bfc062723c751e8b465ee728b)  -> (artifact id: '456301994bab87bcc5a1cebdaf3fe2ef') in 0.002911 seconds 
========================================================================
Received Import Request.
  Time since last request: 6.364823 seconds.
  path: Assets/Scripts/FPS Controller.cs
  artifactKey: Guid(57eebaf47088fff4eb86461b86e2fc5d) Importer(815301076,1909f56bfc062723c751e8b465ee728b)
Start importing Assets/Scripts/FPS Controller.cs using Guid(57eebaf47088fff4eb86461b86e2fc5d) Importer(815301076,1909f56bfc062723c751e8b465ee728b)  -> (artifact id: '86f0bb778ef5582af4f3a8b50222180b') in 0.002719 seconds 
========================================================================
Received Import Request.
  Time since last request: 25.819470 seconds.
  path: Assets/Scripts/FPS Controller.cs
  artifactKey: Guid(57eebaf47088fff4eb86461b86e2fc5d) Importer(815301076,1909f56bfc062723c751e8b465ee728b)
Start importing Assets/Scripts/FPS Controller.cs using Guid(57eebaf47088fff4eb86461b86e2fc5d) Importer(815301076,1909f56bfc062723c751e8b465ee728b)  -> (artifact id: '4b5627dff442874918de517784994012') in 0.003700 seconds 
========================================================================
Received Import Request.
  Time since last request: 15.153795 seconds.
  path: Assets/Scripts/FPS Controller.cs
  artifactKey: Guid(57eebaf47088fff4eb86461b86e2fc5d) Importer(815301076,1909f56bfc062723c751e8b465ee728b)
Start importing Assets/Scripts/FPS Controller.cs using Guid(57eebaf47088fff4eb86461b86e2fc5d) Importer(815301076,1909f56bfc062723c751e8b465ee728b)  -> (artifact id: '33d2413c5a36b6f7ce7a3ba0c171b99e') in 0.003122 seconds 
========================================================================
Received Prepare
Registering precompiled user dll's ...
Registered in 0.005076 seconds.
Begin MonoManager ReloadAssembly
Native extension for WindowsStandalone target not found
Refreshing native plugins compatible for Editor in 1.46 ms, found 1 plugins.
Preloading 0 native plugins for Editor in 0.00 ms.
Mono: successfully reloaded assembly
- Completed reload, in  0.916 seconds
Platform modules already initialized, skipping
Refreshing native plugins compatible for Editor in 1.35 ms, found 1 plugins.
Preloading 0 native plugins for Editor in 0.00 ms.
Unloading 4348 Unused Serialized files (Serialized files now loaded: 0)
System memory in use before: 197.4 MB.
System memory in use after: 197.0 MB.

Unloading 215 unused Assets to reduce memory usage. Loaded Objects now: 4852.
Total: 3.807500 ms (FindLiveObjects: 0.478200 ms CreateObjectMapping: 0.283100 ms MarkObjects: 2.574200 ms  DeleteObjects: 0.470800 ms)

========================================================================
Received Import Request.
  Time since last request: 50.689662 seconds.
  path: Assets/Scripts/FPS Controller.cs
  artifactKey: Guid(57eebaf47088fff4eb86461b86e2fc5d) Importer(815301076,1909f56bfc062723c751e8b465ee728b)
Start importing Assets/Scripts/FPS Controller.cs using Guid(57eebaf47088fff4eb86461b86e2fc5d) Importer(815301076,1909f56bfc062723c751e8b465ee728b)  -> (artifact id: '267823bbbb60b33898b94e7d3d8dab11') in 0.009315 seconds 
========================================================================
Received Prepare
Registering precompiled user dll's ...
Registered in 0.005041 seconds.
Begin MonoManager ReloadAssembly
Native extension for WindowsStandalone target not found
Refreshing native plugins compatible for Editor in 1.43 ms, found 1 plugins.
Preloading 0 native plugins for Editor in 0.00 ms.
Mono: successfully reloaded assembly
- Completed reload, in  0.957 seconds
Platform modules already initialized, skipping
Refreshing native plugins compatible for Editor in 1.56 ms, found 1 plugins.
Preloading 0 native plugins for Editor in 0.00 ms.
Unloading 4348 Unused Serialized files (Serialized files now loaded: 0)
System memory in use before: 197.4 MB.
System memory in use after: 197.0 MB.

Unloading 215 unused Assets to reduce memory usage. Loaded Objects now: 4855.
Total: 3.070800 ms (FindLiveObjects: 0.444700 ms CreateObjectMapping: 0.207900 ms MarkObjects: 2.055900 ms  DeleteObjects: 0.361400 ms)

========================================================================
Received Import Request.
  Time since last request: 45.863973 seconds.
  path: Assets/Scripts/FPS Controller.cs
  artifactKey: Guid(57eebaf47088fff4eb86461b86e2fc5d) Importer(815301076,1909f56bfc062723c751e8b465ee728b)
Start importing Assets/Scripts/FPS Controller.cs using Guid(57eebaf47088fff4eb86461b86e2fc5d) Importer(815301076,1909f56bfc062723c751e8b465ee728b)  -> (artifact id: '8c48afa7d4472bf3a8f5166175c9a7cb') in 0.010547 seconds 
========================================================================
Received Prepare
Registering precompiled user dll's ...
Registered in 0.004951 seconds.
Begin MonoManager ReloadAssembly
Native extension for WindowsStandalone target not found
Refreshing native plugins compatible for Editor in 1.47 ms, found 1 plugins.
Preloading 0 native plugins for Editor in 0.00 ms.
Mono: successfully reloaded assembly
- Completed reload, in  0.936 seconds
Platform modules already initialized, skipping
Refreshing native plugins compatible for Editor in 1.38 ms, found 1 plugins.
Preloading 0 native plugins for Editor in 0.00 ms.
Unloading 4348 Unused Serialized files (Serialized files now loaded: 0)
System memory in use before: 197.6 MB.
System memory in use after: 197.2 MB.

Unloading 215 unused Assets to reduce memory usage. Loaded Objects now: 4858.
Total: 3.198100 ms (FindLiveObjects: 0.412300 ms CreateObjectMapping: 0.231400 ms MarkObjects: 2.193900 ms  DeleteObjects: 0.357600 ms)

========================================================================
Received Import Request.
  Time since last request: 12.114611 seconds.
  path: Assets/Scripts/FPSController.cs
  artifactKey: Guid(57eebaf47088fff4eb86461b86e2fc5d) Importer(815301076,1909f56bfc062723c751e8b465ee728b)
Start importing Assets/Scripts/FPSController.cs using Guid(57eebaf47088fff4eb86461b86e2fc5d) Importer(815301076,1909f56bfc062723c751e8b465ee728b)  -> (artifact id: '8a017968be1654c9f41a0b9c3f05fc82') in 0.007576 seconds 
========================================================================
Received Prepare
Registering precompiled user dll's ...
Registered in 0.004960 seconds.
Begin MonoManager ReloadAssembly
Native extension for WindowsStandalone target not found
Refreshing native plugins compatible for Editor in 1.40 ms, found 1 plugins.
Preloading 0 native plugins for Editor in 0.00 ms.
Mono: successfully reloaded assembly
- Completed reload, in  0.946 seconds
Platform modules already initialized, skipping
Refreshing native plugins compatible for Editor in 1.37 ms, found 1 plugins.
Preloading 0 native plugins for Editor in 0.00 ms.
Unloading 4348 Unused Serialized files (Serialized files now loaded: 0)
System memory in use before: 197.6 MB.
System memory in use after: 197.2 MB.

Unloading 215 unused Assets to reduce memory usage. Loaded Objects now: 4861.
Total: 2.867500 ms (FindLiveObjects: 0.381200 ms CreateObjectMapping: 0.217500 ms MarkObjects: 1.887300 ms  DeleteObjects: 0.380600 ms)

========================================================================
Received Prepare
Registering precompiled user dll's ...
Registered in 0.006457 seconds.
Begin MonoManager ReloadAssembly
Native extension for WindowsStandalone target not found
Refreshing native plugins compatible for Editor in 1.51 ms, found 1 plugins.
Preloading 0 native plugins for Editor in 0.00 ms.
Mono: successfully reloaded assembly
- Completed reload, in  1.013 seconds
Platform modules already initialized, skipping
Refreshing native plugins compatible for Editor in 2.08 ms, found 1 plugins.
Preloading 0 native plugins for Editor in 0.00 ms.
Unloading 4348 Unused Serialized files (Serialized files now loaded: 0)
System memory in use before: 197.6 MB.
System memory in use after: 197.3 MB.

Unloading 215 unused Assets to reduce memory usage. Loaded Objects now: 4864.
Total: 3.856200 ms (FindLiveObjects: 0.555400 ms CreateObjectMapping: 0.505000 ms MarkObjects: 2.400800 ms  DeleteObjects: 0.392600 ms)

========================================================================
Received Prepare
Registering precompiled user dll's ...
Registered in 0.007027 seconds.
Begin MonoManager ReloadAssembly
Native extension for WindowsStandalone target not found
Refreshing native plugins compatible for Editor in 1.39 ms, found 1 plugins.
Preloading 0 native plugins for Editor in 0.00 ms.
Mono: successfully reloaded assembly
- Completed reload, in  1.048 seconds
Platform modules already initialized, skipping
Refreshing native plugins compatible for Editor in 1.36 ms, found 1 plugins.
Preloading 0 native plugins for Editor in 0.00 ms.
Unloading 4348 Unused Serialized files (Serialized files now loaded: 0)
System memory in use before: 197.6 MB.
System memory in use after: 197.3 MB.

Unloading 215 unused Assets to reduce memory usage. Loaded Objects now: 4867.
Total: 3.021700 ms (FindLiveObjects: 0.446600 ms CreateObjectMapping: 0.191400 ms MarkObjects: 2.039800 ms  DeleteObjects: 0.342500 ms)

========================================================================
Received Prepare
Registering precompiled user dll's ...
Registered in 0.010342 seconds.
Begin MonoManager ReloadAssembly
Native extension for WindowsStandalone target not found
Refreshing native plugins compatible for Editor in 1.45 ms, found 1 plugins.
Preloading 0 native plugins for Editor in 0.00 ms.
Mono: successfully reloaded assembly
- Completed reload, in  0.939 seconds
Platform modules already initialized, skipping
Refreshing native plugins compatible for Editor in 1.39 ms, found 1 plugins.
Preloading 0 native plugins for Editor in 0.00 ms.
Unloading 4348 Unused Serialized files (Serialized files now loaded: 0)
System memory in use before: 197.5 MB.
System memory in use after: 197.1 MB.

Unloading 215 unused Assets to reduce memory usage. Loaded Objects now: 4870.
Total: 3.318600 ms (FindLiveObjects: 0.602100 ms CreateObjectMapping: 0.284800 ms MarkObjects: 1.987100 ms  DeleteObjects: 0.443400 ms)

========================================================================
Received Prepare
Registering precompiled user dll's ...
Registered in 0.004947 seconds.
Begin MonoManager ReloadAssembly
Native extension for WindowsStandalone target not found
Refreshing native plugins compatible for Editor in 1.41 ms, found 1 plugins.
Preloading 0 native plugins for Editor in 0.00 ms.
Mono: successfully reloaded assembly
- Completed reload, in  0.950 seconds
Platform modules already initialized, skipping
Refreshing native plugins compatible for Editor in 1.38 ms, found 1 plugins.
Preloading 0 native plugins for Editor in 0.00 ms.
Unloading 4348 Unused Serialized files (Serialized files now loaded: 0)
System memory in use before: 197.5 MB.
System memory in use after: 197.1 MB.

Unloading 215 unused Assets to reduce memory usage. Loaded Objects now: 4873.
Total: 3.235800 ms (FindLiveObjects: 0.458400 ms CreateObjectMapping: 0.195400 ms MarkObjects: 2.008500 ms  DeleteObjects: 0.572300 ms)

========================================================================
Received Prepare
Registering precompiled user dll's ...
Registered in 0.005573 seconds.
Begin MonoManager ReloadAssembly
Native extension for WindowsStandalone target not found
Refreshing native plugins compatible for Editor in 1.51 ms, found 1 plugins.
Preloading 0 native plugins for Editor in 0.00 ms.
Mono: successfully reloaded assembly
- Completed reload, in  0.940 seconds
Platform modules already initialized, skipping
Refreshing native plugins compatible for Editor in 1.35 ms, found 1 plugins.
Preloading 0 native plugins for Editor in 0.00 ms.
Unloading 4348 Unused Serialized files (Serialized files now loaded: 0)
System memory in use before: 197.5 MB.
System memory in use after: 197.1 MB.

Unloading 215 unused Assets to reduce memory usage. Loaded Objects now: 4876.
Total: 3.822000 ms (FindLiveObjects: 0.633800 ms CreateObjectMapping: 0.336600 ms MarkObjects: 2.399700 ms  DeleteObjects: 0.449900 ms)

========================================================================
Received Prepare
Registering precompiled user dll's ...
Registered in 0.004891 seconds.
Begin MonoManager ReloadAssembly
Native extension for WindowsStandalone target not found
Refreshing native plugins compatible for Editor in 1.46 ms, found 1 plugins.
Preloading 0 native plugins for Editor in 0.00 ms.
Mono: successfully reloaded assembly
- Completed reload, in  0.960 seconds
Platform modules already initialized, skipping
Refreshing native plugins compatible for Editor in 1.38 ms, found 1 plugins.
Preloading 0 native plugins for Editor in 0.00 ms.
Unloading 4348 Unused Serialized files (Serialized files now loaded: 0)
System memory in use before: 197.5 MB.
System memory in use after: 197.2 MB.

Unloading 215 unused Assets to reduce memory usage. Loaded Objects now: 4879.
Total: 3.106500 ms (FindLiveObjects: 0.435500 ms CreateObjectMapping: 0.217900 ms MarkObjects: 2.040200 ms  DeleteObjects: 0.411300 ms)

AssetImportWorkerClient::OnTransportError - code=2 error=End of file
